[26-Nov-2018 01:11:09] NOTICE: fpm is running, pid 16
[26-Nov-2018 01:11:09] NOTICE: ready to handle connections
[26-Nov-2018 21:35:04] NOTICE: Terminating ...
[26-Nov-2018 21:35:04] NOTICE: exiting, bye-bye!
[06-Dec-2018 22:09:30] NOTICE: fpm is running, pid 58
[06-Dec-2018 22:09:30] NOTICE: ready to handle connections
[15-Dec-2018 22:25:27] NOTICE: fpm is running, pid 60
[15-Dec-2018 22:25:27] NOTICE: ready to handle connections
[16-Dec-2018 08:26:05] NOTICE: Terminating ...
[16-Dec-2018 08:26:05] NOTICE: exiting, bye-bye!
[22-Dec-2018 20:28:08] NOTICE: fpm is running, pid 56
[22-Dec-2018 20:28:08] NOTICE: ready to handle connections
[22-Dec-2018 20:47:07] NOTICE: Terminating ...
[22-Dec-2018 20:47:07] NOTICE: exiting, bye-bye!
[25-Dec-2018 00:17:27] NOTICE: fpm is running, pid 59
[25-Dec-2018 00:17:27] NOTICE: ready to handle connections
[25-Dec-2018 07:18:44] NOTICE: fpm is running, pid 62
[25-Dec-2018 07:18:44] NOTICE: ready to handle connections
[25-Dec-2018 07:56:05] NOTICE: Terminating ...
[25-Dec-2018 07:56:05] NOTICE: exiting, bye-bye!
[30-Dec-2018 00:34:04] NOTICE: fpm is running, pid 64
[30-Dec-2018 00:34:04] NOTICE: ready to handle connections
[30-Dec-2018 20:41:40] NOTICE: fpm is running, pid 60
[30-Dec-2018 20:41:40] NOTICE: ready to handle connections
[31-Dec-2018 19:57:13] NOTICE: fpm is running, pid 60
[31-Dec-2018 19:57:13] NOTICE: ready to handle connections
[03-Jan-2019 06:36:58] NOTICE: fpm is running, pid 58
[03-Jan-2019 06:36:58] NOTICE: ready to handle connections
[03-Jan-2019 07:09:16] WARNING: [pool www] server reached pm.max_children setting (5), consider raising it
[03-Jan-2019 20:02:04] NOTICE: fpm is running, pid 54
[03-Jan-2019 20:02:04] NOTICE: ready to handle connections
[12-Jan-2019 00:17:06] NOTICE: fpm is running, pid 76
[12-Jan-2019 00:17:06] NOTICE: ready to handle connections
[12-Jan-2019 00:17:14] NOTICE: Terminating ...
[12-Jan-2019 00:17:14] NOTICE: exiting, bye-bye!
[12-Jan-2019 00:17:41] NOTICE: fpm is running, pid 39
[12-Jan-2019 00:17:41] NOTICE: ready to handle connections
[12-Jan-2019 08:22:03] NOTICE: Terminating ...
[12-Jan-2019 08:22:03] NOTICE: exiting, bye-bye!
[24-Jan-2019 01:48:50] NOTICE: fpm is running, pid 61
[24-Jan-2019 01:48:50] NOTICE: ready to handle connections
[24-Jan-2019 08:11:45] NOTICE: Terminating ...
[24-Jan-2019 08:11:45] NOTICE: exiting, bye-bye!
[25-Jan-2019 04:37:58] NOTICE: fpm is running, pid 59
[25-Jan-2019 04:37:58] NOTICE: ready to handle connections
[25-Jan-2019 06:19:20] NOTICE: Terminating ...
[25-Jan-2019 06:19:20] NOTICE: exiting, bye-bye!
[26-Jan-2019 00:42:37] NOTICE: fpm is running, pid 113
[26-Jan-2019 00:42:37] NOTICE: ready to handle connections
[19-Feb-2019 21:26:11] NOTICE: fpm is running, pid 63
[19-Feb-2019 21:26:11] NOTICE: ready to handle connections
[20-Feb-2019 18:39:59] NOTICE: fpm is running, pid 62
[20-Feb-2019 18:39:59] NOTICE: ready to handle connections
[20-Feb-2019 18:41:36] NOTICE: Terminating ...
[20-Feb-2019 18:41:36] NOTICE: exiting, bye-bye!
[20-Feb-2019 18:42:18] NOTICE: fpm is running, pid 54
[20-Feb-2019 18:42:18] NOTICE: ready to handle connections
[20-Feb-2019 19:55:39] NOTICE: Terminating ...
[20-Feb-2019 19:55:39] NOTICE: exiting, bye-bye!
[20-Feb-2019 19:55:49] NOTICE: fpm is running, pid 54
[20-Feb-2019 19:55:49] NOTICE: ready to handle connections
[21-Feb-2019 21:32:38] NOTICE: fpm is running, pid 60
[21-Feb-2019 21:32:38] NOTICE: ready to handle connections
[21-Feb-2019 21:34:46] NOTICE: Terminating ...
[21-Feb-2019 21:34:46] NOTICE: exiting, bye-bye!
[21-Feb-2019 21:34:56] NOTICE: fpm is running, pid 52
[21-Feb-2019 21:34:56] NOTICE: ready to handle connections
[26-Feb-2019 07:38:03] NOTICE: fpm is running, pid 60
[26-Feb-2019 07:38:03] NOTICE: ready to handle connections
[27-Feb-2019 20:35:08] NOTICE: fpm is running, pid 62
[27-Feb-2019 20:35:08] NOTICE: ready to handle connections
[27-Feb-2019 20:36:54] WARNING: [pool www] child 79 exited on signal 15 (SIGTERM) after 106.418940 seconds from start
[27-Feb-2019 20:36:54] NOTICE: [pool www] child 1434 started
[27-Feb-2019 20:36:55] NOTICE: Terminating ...
[27-Feb-2019 20:36:55] NOTICE: exiting, bye-bye!
[27-Feb-2019 20:37:05] NOTICE: fpm is running, pid 52
[27-Feb-2019 20:37:05] NOTICE: ready to handle connections
[27-Feb-2019 23:04:31] NOTICE: Terminating ...
[27-Feb-2019 23:04:31] NOTICE: exiting, bye-bye!
[28-Feb-2019 07:40:47] NOTICE: fpm is running, pid 68
[28-Feb-2019 07:40:47] NOTICE: ready to handle connections
[28-Feb-2019 09:29:05] NOTICE: Terminating ...
[28-Feb-2019 09:29:05] NOTICE: exiting, bye-bye!
[04-Mar-2019 19:27:24] NOTICE: fpm is running, pid 24
[04-Mar-2019 19:27:24] NOTICE: ready to handle connections
[06-Mar-2019 17:45:57] NOTICE: fpm is running, pid 60
[06-Mar-2019 17:45:57] NOTICE: ready to handle connections
[06-Mar-2019 19:28:46] NOTICE: Terminating ...
[06-Mar-2019 19:28:46] NOTICE: exiting, bye-bye!
[06-Mar-2019 19:28:54] NOTICE: fpm is running, pid 56
[06-Mar-2019 19:28:54] NOTICE: ready to handle connections
[08-Mar-2019 05:38:39] NOTICE: Terminating ...
[08-Mar-2019 05:38:39] NOTICE: exiting, bye-bye!
[09-Mar-2019 04:16:34] NOTICE: fpm is running, pid 56
[09-Mar-2019 04:16:34] NOTICE: ready to handle connections
[14-Mar-2019 01:30:57] NOTICE: fpm is running, pid 63
[14-Mar-2019 01:30:57] NOTICE: ready to handle connections
[14-Mar-2019 01:32:54] NOTICE: Terminating ...
[14-Mar-2019 01:32:54] NOTICE: exiting, bye-bye!
[14-Mar-2019 01:33:00] NOTICE: fpm is running, pid 54
[14-Mar-2019 01:33:00] NOTICE: ready to handle connections
[16-Mar-2019 01:42:31] NOTICE: fpm is running, pid 62
[16-Mar-2019 01:42:31] NOTICE: ready to handle connections
[28-Mar-2019 16:29:27] NOTICE: fpm is running, pid 62
[28-Mar-2019 16:29:27] NOTICE: ready to handle connections
[04-Apr-2019 18:23:27] NOTICE: fpm is running, pid 62
[04-Apr-2019 18:23:27] NOTICE: ready to handle connections
[04-Apr-2019 18:24:43] NOTICE: Terminating ...
[04-Apr-2019 18:24:43] NOTICE: exiting, bye-bye!
[04-Apr-2019 18:25:05] NOTICE: fpm is running, pid 52
[04-Apr-2019 18:25:05] NOTICE: ready to handle connections
[04-Apr-2019 23:40:05] NOTICE: fpm is running, pid 62
[04-Apr-2019 23:40:05] NOTICE: ready to handle connections
[06-Apr-2019 04:43:22] NOTICE: Terminating ...
[06-Apr-2019 04:43:23] NOTICE: exiting, bye-bye!
[08-Apr-2019 22:04:56] NOTICE: fpm is running, pid 64
[08-Apr-2019 22:04:56] NOTICE: ready to handle connections
[11-Apr-2019 00:22:06] NOTICE: fpm is running, pid 62
[11-Apr-2019 00:22:06] NOTICE: ready to handle connections
[11-Apr-2019 00:22:55] NOTICE: Terminating ...
[11-Apr-2019 00:22:55] NOTICE: exiting, bye-bye!
[11-Apr-2019 00:23:01] NOTICE: fpm is running, pid 52
[11-Apr-2019 00:23:01] NOTICE: ready to handle connections
[11-Apr-2019 17:47:20] NOTICE: fpm is running, pid 66
[11-Apr-2019 17:47:20] NOTICE: ready to handle connections
[12-Apr-2019 04:26:45] NOTICE: Terminating ...
[12-Apr-2019 04:26:45] NOTICE: exiting, bye-bye!
[13-Apr-2019 22:20:40] NOTICE: fpm is running, pid 64
[13-Apr-2019 22:20:40] NOTICE: ready to handle connections
